===========2019/01/20 14:51:36===========
"D:\Program\User\免安装工具\小丸工具箱rev194\tools\ffmpeg.exe" -i "E:\Adobe\PR\云南\云南_1.avi" -vn -sn -v 0 -c:a pcm_s16le -f wav pipe:|"D:\Program\User\免安装工具\小丸工具箱rev194\tools\neroAacEnc.exe" -ignorelength -lc -br 64000 -if - -of "E:\Adobe\PR\云南\云南_1_atemp.mp4"
"D:\Program\User\免安装工具\小丸工具箱rev194\tools\x264_32-8bit.exe" --crf 25.5 --demuxer ffms --threads auto --preset 8  -I 300 -r 4 -b 3 --me umh -i 1 --scenecut 60 -f 1:1 --qcomp 0.5 --psy-rd 0.3:0 --aq-mode 2 --aq-strength 0.8 -o "E:\Adobe\PR\云南\云南_1_vtemp.mp4" "E:\Adobe\PR\云南\云南_1.avi"
"D:\Program\User\免安装工具\小丸工具箱rev194\tools\mp4box.exe" -add "E:\Adobe\PR\云南\云南_1_vtemp.mp4#trackID=1:name=" -add "E:\Adobe\PR\云南\云南_1_atemp.mp4#trackID=1:name=" -new "E:\Adobe\PR\云南\云南_1_x264.mp4"

del "E:\Adobe\PR\云南\云南_1_vtemp.mp4"
del "E:\Adobe\PR\云南\云南_1_atemp.mp4"

echo ===== one file is completed! =====


===========2019/01/20 14:51:54===========
D:\Program\User\免安装工具\小丸工具箱rev194>"D:\Program\User\免安装工具\小丸工具箱rev194\tools\ffmpeg.exe" -i "E:\Adobe\PR\云南\云南_1.avi" -vn -sn -v 0 -c:a pcm_s16le -f wav pipe:  | "D:\Program\User\免安装工具\小丸工具箱rev194\tools\neroAacEnc.exe" -ignorelength -lc -br 64000 -if - -of "E:\Adobe\PR\云南\云南_1_atemp.mp4" 
*************************************************************
*                                                           *
*  Nero AAC Encoder                                         *
*  Copyright 2009 Nero AG                                   *
*  All Rights Reserved Worldwide                            *
*                                                           *
*  Package build date: Feb 18 2010                          *
*  Package version:    1.5.4.0                              *
*                                                           *
*  See -help for a complete list of available parameters.   *
*                                                           *
*************************************************************
D:\Program\User\免安装工具\小丸工具箱rev194>"D:\Program\User\免安装工具\小丸工具箱rev194\tools\x264_32-8bit.exe" --crf 25.5 --demuxer ffms --threads auto --preset 8  -I 300 -r 4 -b 3 --me umh -i 1 --scenecut 60 -f 1:1 --qcomp 0.5 --psy-rd 0.3:0 --aq-mode 2 --aq-strength 0.8 -o "E:\Adobe\PR\云南\云南_1_vtemp.mp4" "E:\Adobe\PR\云南\云南_1.avi" 
[info]: indexing input file [2.5%]  
                                            
ffms [info]: 
 Format    : avi
 Codec     : dvvideo
 PixFmt    : yuv411p
 Framerate : 30000/1001
 Timebase  : 1001000/30000000
 Duration  : 0:00:53
ffms [info]: 720x480i 32:27 @ 30000/1001 fps (vfr)
ffms [info]: color matrix: bt470bg
resize [warning]: converting from yuv411p to yuv422p
resize [warning]: converting from yuv422p to yuv420p
x264 [warning]: input appears to be interlaced, enabling bff interlaced mode.
                If you want otherwise, use --no-interlaced or --tff
x264 [warning]: interlace + weightp is not implemented
x264 [info]: using SAR=32/27
x264 [info]: using cpu capabilities: MMX2 SSE2Fast SSSE3 SSE4.2 AVX FMA3 AVX2 LZCNT BMI2
x264 [info]: AVC Encoder x264 core 148 r2597+52 4ed4a81 xiaowan [8-bit@all X86]
x264 [info]: profile: High, level: 3.0, subsampling: 4:2:0, bit-depth: 8-bit
x264 [info]: cabac=1 ref=4 deblock=1:1:1 analyse=0x3:0x133 me=umh subme=10 psy=1 fade_compensate=0.00 psy_rd=0.30:0.00 mixed_ref=1 me_range=24 chroma_me=1 trellis=2 8x8dct=1 cqm=0 deadzone=21,11 fast_pskip=1 chroma_qp_offset=-2 threads=15 lookahead_threads=1 sliced_threads=0 nr=0 decimate=1 interlaced=bff bluray_compat=0 constrained_intra=0 fgo=0 bframes=3 b_pyramid=2 b_adapt=2 b_bias=0 direct=3 weightb=1 open_gop=0 weightp=0 keyint=300 keyint_min=1 scenecut=60 intra_refresh=0 rc_lookahead=60 rc=crf mbtree=1 crf=25.5000 qcomp=0.50 qpmin=0:0:0 qpmax=69:69:69 qpstep=4 ip_ratio=1.40 aq=2:0.80 aq-sensitivity=10.00 aq-factor=1.00:1.00:1.00 aq2=0 aq3=0
x264 [info]: started at Sun Jan 20 14:51:38 2019
                                                                                                                       
x264 [info]: frame I:6     Avg QP:25.96  size: 21652
x264 [info]: frame P:535   Avg QP:28.72  size:  5343
x264 [info]: frame B:1050  Avg QP:30.43  size:   511
x264 [info]: consecutive B-frames:  6.1%  7.4% 30.9% 55.6%
x264 [info]: mb I  I16..4: 24.6% 49.7% 25.8%
x264 [info]: mb P  I16..4:  7.9%  7.3%  1.3%  P16..4: 27.1%  7.4%  5.6%  0.6%  0.1%    skip:42.6%
x264 [info]: mb B  I16..4:  0.2%  0.1%  0.0%  B16..8: 17.6%  1.5%  0.3%  direct: 1.0%  skip:79.4%  L0:35.6% L1:54.4% BI:10.0%
x264 [info]: field mbs: intra: 3.0% inter:6.0% skip:4.5%
x264 [info]: 8x8 transform intra:44.3% inter:63.6%
x264 [info]: direct mvs  spatial:99.1% temporal:0.9%
x264 [info]: coded y,uvDC,uvAC intra: 23.2% 31.3% 7.2% inter: 8.2% 6.4% 0.6%
x264 [info]: i16 v,h,dc,p: 36% 31% 11% 21%
x264 [info]: i8 v,h,dc,ddl,ddr,vr,hd,vl,hu: 19% 17% 40%  3%  3%  5%  5%  4%  4%
x264 [info]: i4 v,h,dc,ddl,ddr,vr,hd,vl,hu: 36% 17% 22%  4%  4%  5%  4%  5%  3%
x264 [info]: i8c dc,h,v,p: 34% 31% 24% 11%
x264 [info]: ref P L0: 79.6% 10.0%  8.8%  1.5%  0.0%  0.0%  0.0%  0.0%
x264 [info]: ref B L0: 89.6%  7.7%  2.6%  0.1%  0.0%  0.0%
x264 [info]: ref B L1: 90.9%  9.0%  0.0%  0.0%
x264 [info]: kb/s:531.24
                                                        
encoded 1591 frames, 100.78 fps, 531.37 kb/s, 3.36 MB
x264 [info]: ended at Sun Jan 20 14:51:53 2019
x264 [info]: encoding duration 0:00:15
D:\Program\User\免安装工具\小丸工具箱rev194>"D:\Program\User\免安装工具\小丸工具箱rev194\tools\mp4box.exe" -add "E:\Adobe\PR\云南\云南_1_vtemp.mp4#trackID=1:name=" -add "E:\Adobe\PR\云南\云南_1_atemp.mp4#trackID=1:name=" -new "E:\Adobe\PR\云南\云南_1_x264.mp4" 
IsoMedia import 云南_1_vtemp.mp4 - track ID 1 - Video (size 720 x 480)
Importing ISO File: |                    | (01/100)
Importing ISO File: |                    | (02/100)
Importing ISO File: |                    | (03/100)
Importing ISO File: |                    | (04/100)
Importing ISO File: |=                   | (05/100)
Importing ISO File: |=                   | (06/100)
Importing ISO File: |=                   | (07/100)
Importing ISO File: |=                   | (08/100)
Importing ISO File: |=                   | (09/100)
Importing ISO File: |==                  | (10/100)
Importing ISO File: |==                  | (11/100)
Importing ISO File: |==                  | (12/100)
Importing ISO File: |==                  | (13/100)
Importing ISO File: |==                  | (14/100)
Importing ISO File: |===                 | (15/100)
Importing ISO File: |===                 | (16/100)
Importing ISO File: |===                 | (17/100)
Importing ISO File: |===                 | (18/100)
Importing ISO File: |===                 | (19/100)
Importing ISO File: |====                | (20/100)
Importing ISO File: |====                | (21/100)
Importing ISO File: |====                | (22/100)
Importing ISO File: |====                | (23/100)
Importing ISO File: |====                | (24/100)
Importing ISO File: |=====               | (25/100)
Importing ISO File: |=====               | (26/100)
Importing ISO File: |=====               | (27/100)
Importing ISO File: |=====               | (28/100)
Importing ISO File: |=====               | (29/100)
Importing ISO File: |======              | (30/100)
Importing ISO File: |======              | (31/100)
Importing ISO File: |======              | (32/100)
Importing ISO File: |======              | (33/100)
Importing ISO File: |======              | (34/100)
Importing ISO File: |=======             | (35/100)
Importing ISO File: |=======             | (36/100)
Importing ISO File: |=======             | (37/100)
Importing ISO File: |=======             | (38/100)
Importing ISO File: |=======             | (39/100)
Importing ISO File: |========            | (40/100)
Importing ISO File: |========            | (41/100)
Importing ISO File: |========            | (42/100)
Importing ISO File: |========            | (43/100)
Importing ISO File: |========            | (44/100)
Importing ISO File: |=========           | (45/100)
Importing ISO File: |=========           | (46/100)
Importing ISO File: |=========           | (47/100)
Importing ISO File: |=========           | (48/100)
Importing ISO File: |=========           | (49/100)
Importing ISO File: |==========          | (50/100)
Importing ISO File: |==========          | (51/100)
Importing ISO File: |==========          | (52/100)
Importing ISO File: |==========          | (53/100)
Importing ISO File: |==========          | (54/100)
Importing ISO File: |===========         | (55/100)
Importing ISO File: |===========         | (56/100)
Importing ISO File: |===========         | (57/100)
Importing ISO File: |===========         | (58/100)
Importing ISO File: |===========         | (59/100)
Importing ISO File: |============        | (60/100)
Importing ISO File: |============        | (61/100)
Importing ISO File: |============        | (62/100)
Importing ISO File: |============        | (63/100)
Importing ISO File: |============        | (64/100)
Importing ISO File: |=============       | (65/100)
Importing ISO File: |=============       | (66/100)
Importing ISO File: |=============       | (67/100)
Importing ISO File: |=============       | (68/100)
Importing ISO File: |=============       | (69/100)
Importing ISO File: |==============      | (70/100)
Importing ISO File: |==============      | (71/100)
Importing ISO File: |==============      | (72/100)
Importing ISO File: |==============      | (73/100)
Importing ISO File: |==============      | (74/100)
Importing ISO File: |===============     | (75/100)
Importing ISO File: |===============     | (76/100)
Importing ISO File: |===============     | (77/100)
Importing ISO File: |===============     | (78/100)
Importing ISO File: |===============     | (79/100)
Importing ISO File: |================    | (80/100)
Importing ISO File: |================    | (81/100)
Importing ISO File: |================    | (82/100)
Importing ISO File: |================    | (83/100)
Importing ISO File: |================    | (84/100)
Importing ISO File: |=================   | (85/100)
Importing ISO File: |=================   | (86/100)
Importing ISO File: |=================   | (87/100)
Importing ISO File: |=================   | (88/100)
Importing ISO File: |=================   | (89/100)
Importing ISO File: |==================  | (90/100)
Importing ISO File: |==================  | (91/100)
Importing ISO File: |==================  | (92/100)
Importing ISO File: |==================  | (93/100)
Importing ISO File: |==================  | (94/100)
Importing ISO File: |=================== | (95/100)
Importing ISO File: |=================== | (96/100)
Importing ISO File: |=================== | (97/100)
Importing ISO File: |=================== | (98/100)
Importing ISO File: |=================== | (99/100)
                                                          
IsoMedia import 云南_1_atemp.mp4 - track ID 1 - Audio (SR 48000 - 2 channels)
Importing ISO File: |                    | (01/100)
Importing ISO File: |                    | (02/100)
Importing ISO File: |                    | (03/100)
Importing ISO File: |                    | (04/100)
Importing ISO File: |=                   | (05/100)
Importing ISO File: |=                   | (06/100)
Importing ISO File: |=                   | (07/100)
Importing ISO File: |=                   | (08/100)
Importing ISO File: |=                   | (09/100)
Importing ISO File: |==                  | (10/100)
Importing ISO File: |==                  | (11/100)
Importing ISO File: |==                  | (12/100)
Importing ISO File: |==                  | (13/100)
Importing ISO File: |==                  | (14/100)
Importing ISO File: |===                 | (15/100)
Importing ISO File: |===                 | (16/100)
Importing ISO File: |===                 | (17/100)
Importing ISO File: |===                 | (18/100)
Importing ISO File: |===                 | (19/100)
Importing ISO File: |====                | (20/100)
Importing ISO File: |====                | (21/100)
Importing ISO File: |====                | (22/100)
Importing ISO File: |====                | (23/100)
Importing ISO File: |====                | (24/100)
Importing ISO File: |=====               | (25/100)
Importing ISO File: |=====               | (26/100)
Importing ISO File: |=====               | (27/100)
Importing ISO File: |=====               | (28/100)
Importing ISO File: |=====               | (29/100)
Importing ISO File: |======              | (30/100)
Importing ISO File: |======              | (31/100)
Importing ISO File: |======              | (32/100)
Importing ISO File: |======              | (33/100)
Importing ISO File: |======              | (34/100)
Importing ISO File: |=======             | (35/100)
Importing ISO File: |=======             | (36/100)
Importing ISO File: |=======             | (37/100)
Importing ISO File: |=======             | (38/100)
Importing ISO File: |=======             | (39/100)
Importing ISO File: |========            | (40/100)
Importing ISO File: |========            | (41/100)
Importing ISO File: |========            | (42/100)
Importing ISO File: |========            | (43/100)
Importing ISO File: |========            | (44/100)
Importing ISO File: |=========           | (45/100)
Importing ISO File: |=========           | (46/100)
Importing ISO File: |=========           | (47/100)
Importing ISO File: |=========           | (48/100)
Importing ISO File: |=========           | (49/100)
Importing ISO File: |==========          | (50/100)
Importing ISO File: |==========          | (51/100)
Importing ISO File: |==========          | (52/100)
Importing ISO File: |==========          | (53/100)
Importing ISO File: |==========          | (54/100)
Importing ISO File: |===========         | (55/100)
Importing ISO File: |===========         | (56/100)
Importing ISO File: |===========         | (57/100)
Importing ISO File: |===========         | (58/100)
Importing ISO File: |===========         | (59/100)
Importing ISO File: |============        | (60/100)
Importing ISO File: |============        | (61/100)
Importing ISO File: |============        | (62/100)
Importing ISO File: |============        | (63/100)
Importing ISO File: |============        | (64/100)
Importing ISO File: |=============       | (65/100)
Importing ISO File: |=============       | (66/100)
Importing ISO File: |=============       | (67/100)
Importing ISO File: |=============       | (68/100)
Importing ISO File: |=============       | (69/100)
Importing ISO File: |==============      | (70/100)
Importing ISO File: |==============      | (71/100)
Importing ISO File: |==============      | (72/100)
Importing ISO File: |==============      | (73/100)
Importing ISO File: |==============      | (74/100)
Importing ISO File: |===============     | (75/100)
Importing ISO File: |===============     | (76/100)
Importing ISO File: |===============     | (77/100)
Importing ISO File: |===============     | (78/100)
Importing ISO File: |===============     | (79/100)
Importing ISO File: |================    | (80/100)
Importing ISO File: |================    | (81/100)
Importing ISO File: |================    | (82/100)
Importing ISO File: |================    | (83/100)
Importing ISO File: |================    | (84/100)
Importing ISO File: |=================   | (85/100)
Importing ISO File: |=================   | (86/100)
Importing ISO File: |=================   | (87/100)
Importing ISO File: |=================   | (88/100)
Importing ISO File: |=================   | (89/100)
Importing ISO File: |==================  | (90/100)
Importing ISO File: |==================  | (91/100)
Importing ISO File: |==================  | (92/100)
Importing ISO File: |==================  | (93/100)
Importing ISO File: |==================  | (94/100)
Importing ISO File: |=================== | (95/100)
Importing ISO File: |=================== | (96/100)
Importing ISO File: |=================== | (97/100)
Importing ISO File: |=================== | (98/100)
Importing ISO File: |=================== | (99/100)
                                                          
Saving E:\Adobe\PR\云南\云南_1_x264.mp4: 0.500 secs Interleaving
ISO File Writing: |                    | (01/100)
ISO File Writing: |                    | (02/100)
ISO File Writing: |                    | (03/100)
ISO File Writing: |                    | (04/100)
ISO File Writing: |=                   | (05/100)
ISO File Writing: |=                   | (06/100)
ISO File Writing: |=                   | (07/100)
ISO File Writing: |=                   | (08/100)
ISO File Writing: |=                   | (09/100)
ISO File Writing: |==                  | (10/100)
ISO File Writing: |==                  | (11/100)
ISO File Writing: |==                  | (12/100)
ISO File Writing: |==                  | (13/100)
ISO File Writing: |==                  | (14/100)
ISO File Writing: |===                 | (15/100)
ISO File Writing: |===                 | (16/100)
ISO File Writing: |===                 | (17/100)
ISO File Writing: |===                 | (18/100)
ISO File Writing: |===                 | (19/100)
ISO File Writing: |====                | (20/100)
ISO File Writing: |====                | (21/100)
ISO File Writing: |====                | (22/100)
ISO File Writing: |====                | (23/100)
ISO File Writing: |====                | (24/100)
ISO File Writing: |=====               | (25/100)
ISO File Writing: |=====               | (26/100)
ISO File Writing: |=====               | (27/100)
ISO File Writing: |=====               | (28/100)
ISO File Writing: |=====               | (29/100)
ISO File Writing: |======              | (30/100)
ISO File Writing: |======              | (31/100)
ISO File Writing: |======              | (32/100)
ISO File Writing: |======              | (33/100)
ISO File Writing: |======              | (34/100)
ISO File Writing: |=======             | (35/100)
ISO File Writing: |=======             | (36/100)
ISO File Writing: |=======             | (37/100)
ISO File Writing: |=======             | (38/100)
ISO File Writing: |=======             | (39/100)
ISO File Writing: |========            | (40/100)
ISO File Writing: |========            | (41/100)
ISO File Writing: |========            | (42/100)
ISO File Writing: |========            | (43/100)
ISO File Writing: |========            | (44/100)
ISO File Writing: |=========           | (45/100)
ISO File Writing: |=========           | (46/100)
ISO File Writing: |=========           | (47/100)
ISO File Writing: |=========           | (48/100)
ISO File Writing: |=========           | (49/100)
ISO File Writing: |==========          | (50/100)
ISO File Writing: |==========          | (51/100)
ISO File Writing: |==========          | (52/100)
ISO File Writing: |==========          | (53/100)
ISO File Writing: |==========          | (54/100)
ISO File Writing: |===========         | (55/100)
ISO File Writing: |===========         | (56/100)
ISO File Writing: |===========         | (57/100)
ISO File Writing: |===========         | (58/100)
ISO File Writing: |===========         | (59/100)
ISO File Writing: |============        | (60/100)
ISO File Writing: |============        | (61/100)
ISO File Writing: |============        | (62/100)
ISO File Writing: |============        | (63/100)
ISO File Writing: |============        | (64/100)
ISO File Writing: |=============       | (65/100)
ISO File Writing: |=============       | (66/100)
ISO File Writing: |=============       | (67/100)
ISO File Writing: |=============       | (68/100)
ISO File Writing: |=============       | (69/100)
ISO File Writing: |==============      | (70/100)
ISO File Writing: |==============      | (71/100)
ISO File Writing: |==============      | (72/100)
ISO File Writing: |==============      | (73/100)
ISO File Writing: |==============      | (74/100)
ISO File Writing: |===============     | (75/100)
ISO File Writing: |===============     | (76/100)
ISO File Writing: |===============     | (77/100)
ISO File Writing: |===============     | (78/100)
ISO File Writing: |===============     | (79/100)
ISO File Writing: |================    | (80/100)
ISO File Writing: |================    | (81/100)
ISO File Writing: |================    | (82/100)
ISO File Writing: |================    | (83/100)
ISO File Writing: |================    | (84/100)
ISO File Writing: |=================   | (85/100)
ISO File Writing: |=================   | (86/100)
ISO File Writing: |=================   | (87/100)
ISO File Writing: |=================   | (88/100)
ISO File Writing: |=================   | (89/100)
ISO File Writing: |==================  | (90/100)
ISO File Writing: |==================  | (91/100)
ISO File Writing: |==================  | (92/100)
ISO File Writing: |==================  | (93/100)
ISO File Writing: |==================  | (94/100)
ISO File Writing: |=================== | (95/100)
ISO File Writing: |=================== | (96/100)
ISO File Writing: |=================== | (97/100)
ISO File Writing: |=================== | (98/100)
ISO File Writing: |=================== | (99/100)
                                                        
D:\Program\User\免安装工具\小丸工具箱rev194>del "E:\Adobe\PR\云南\云南_1_vtemp.mp4" 
D:\Program\User\免安装工具\小丸工具箱rev194>del "E:\Adobe\PR\云南\云南_1_atemp.mp4" 
D:\Program\User\免安装工具\小丸工具箱rev194>echo ===== one file is completed! ===== 
===== one file is completed! =====


===========2019/01/20 14:52:40===========
"D:\Program\User\免安装工具\小丸工具箱rev194\tools\ffmpeg.exe" -i "E:\Adobe\PR\云南\云南_1.avi" -vn -sn -v 0 -c:a pcm_s16le -f wav pipe:|"D:\Program\User\免安装工具\小丸工具箱rev194\tools\neroAacEnc.exe" -ignorelength -lc -br 64000 -if - -of "E:\Adobe\PR\云南\云南_1_atemp.mp4"
"D:\Program\User\免安装工具\小丸工具箱rev194\tools\x264_32-8bit.exe" --crf 30 --demuxer ffms --threads auto --preset 8  -I 300 -r 4 -b 3 --me umh -i 1 --scenecut 60 -f 1:1 --qcomp 0.5 --psy-rd 0.3:0 --aq-mode 2 --aq-strength 0.8 -o "E:\Adobe\PR\云南\云南_1_vtemp.mp4" "E:\Adobe\PR\云南\云南_1.avi"
"D:\Program\User\免安装工具\小丸工具箱rev194\tools\mp4box.exe" -add "E:\Adobe\PR\云南\云南_1_vtemp.mp4#trackID=1:name=" -add "E:\Adobe\PR\云南\云南_1_atemp.mp4#trackID=1:name=" -new "E:\Adobe\PR\云南\云南_1_x264.mp4"

del "E:\Adobe\PR\云南\云南_1_vtemp.mp4"
del "E:\Adobe\PR\云南\云南_1_atemp.mp4"

echo ===== one file is completed! =====


===========2019/01/20 14:52:52===========
D:\Program\User\免安装工具\小丸工具箱rev194>"D:\Program\User\免安装工具\小丸工具箱rev194\tools\ffmpeg.exe" -i "E:\Adobe\PR\云南\云南_1.avi" -vn -sn -v 0 -c:a pcm_s16le -f wav pipe:  | "D:\Program\User\免安装工具\小丸工具箱rev194\tools\neroAacEnc.exe" -ignorelength -lc -br 64000 -if - -of "E:\Adobe\PR\云南\云南_1_atemp.mp4" 
*************************************************************
*                                                           *
*  Nero AAC Encoder                                         *
*  Copyright 2009 Nero AG                                   *
*  All Rights Reserved Worldwide                            *
*                                                           *
*  Package build date: Feb 18 2010                          *
*  Package version:    1.5.4.0                              *
*                                                           *
*  See -help for a complete list of available parameters.   *
*                                                           *
*************************************************************
D:\Program\User\免安装工具\小丸工具箱rev194>"D:\Program\User\免安装工具\小丸工具箱rev194\tools\x264_32-8bit.exe" --crf 30 --demuxer ffms --threads auto --preset 8  -I 300 -r 4 -b 3 --me umh -i 1 --scenecut 60 -f 1:1 --qcomp 0.5 --psy-rd 0.3:0 --aq-mode 2 --aq-strength 0.8 -o "E:\Adobe\PR\云南\云南_1_vtemp.mp4" "E:\Adobe\PR\云南\云南_1.avi" 
[info]: indexing input file [2.5%]  
                                            
ffms [info]: 
 Format    : avi
 Codec     : dvvideo
 PixFmt    : yuv411p
 Framerate : 30000/1001
 Timebase  : 1001000/30000000
 Duration  : 0:00:53
ffms [info]: 720x480i 32:27 @ 30000/1001 fps (vfr)
ffms [info]: color matrix: bt470bg
resize [warning]: converting from yuv411p to yuv422p
resize [warning]: converting from yuv422p to yuv420p
x264 [warning]: input appears to be interlaced, enabling bff interlaced mode.
                If you want otherwise, use --no-interlaced or --tff
x264 [warning]: interlace + weightp is not implemented
x264 [info]: using SAR=32/27
x264 [info]: using cpu capabilities: MMX2 SSE2Fast SSSE3 SSE4.2 AVX FMA3 AVX2 LZCNT BMI2
x264 [info]: AVC Encoder x264 core 148 r2597+52 4ed4a81 xiaowan [8-bit@all X86]
x264 [info]: profile: High, level: 3.0, subsampling: 4:2:0, bit-depth: 8-bit
x264 [info]: cabac=1 ref=4 deblock=1:1:1 analyse=0x3:0x133 me=umh subme=10 psy=1 fade_compensate=0.00 psy_rd=0.30:0.00 mixed_ref=1 me_range=24 chroma_me=1 trellis=2 8x8dct=1 cqm=0 deadzone=21,11 fast_pskip=1 chroma_qp_offset=-2 threads=15 lookahead_threads=1 sliced_threads=0 nr=0 decimate=1 interlaced=bff bluray_compat=0 constrained_intra=0 fgo=0 bframes=3 b_pyramid=2 b_adapt=2 b_bias=0 direct=3 weightb=1 open_gop=0 weightp=0 keyint=300 keyint_min=1 scenecut=60 intra_refresh=0 rc_lookahead=60 rc=crf mbtree=1 crf=30.0000 qcomp=0.50 qpmin=0:0:0 qpmax=69:69:69 qpstep=4 ip_ratio=1.40 aq=2:0.80 aq-sensitivity=10.00 aq-factor=1.00:1.00:1.00 aq2=0 aq3=0
x264 [info]: started at Sun Jan 20 14:52:41 2019
                                                                                                                       
x264 [info]: frame I:6     Avg QP:30.10  size: 14418
x264 [info]: frame P:535   Avg QP:32.90  size:  2901
x264 [info]: frame B:1050  Avg QP:33.61  size:   294
x264 [info]: consecutive B-frames:  6.1%  7.4% 30.9% 55.6%
x264 [info]: mb I  I16..4: 24.5% 53.4% 22.0%
x264 [info]: mb P  I16..4:  7.9%  7.3%  0.7%  P16..4: 25.5%  5.0%  3.8%  0.2%  0.0%    skip:49.5%
x264 [info]: mb B  I16..4:  0.1%  0.0%  0.0%  B16..8: 15.2%  0.6%  0.1%  direct: 0.5%  skip:83.5%  L0:34.7% L1:62.0% BI: 3.2%
x264 [info]: field mbs: intra: 3.0% inter:6.3% skip:4.5%
x264 [info]: 8x8 transform intra:46.3% inter:72.9%
x264 [info]: direct mvs  spatial:99.1% temporal:0.9%
x264 [info]: coded y,uvDC,uvAC intra: 15.7% 23.0% 3.6% inter: 5.2% 3.8% 0.1%
x264 [info]: i16 v,h,dc,p: 43% 30% 10% 17%
x264 [info]: i8 v,h,dc,ddl,ddr,vr,hd,vl,hu: 18% 14% 51%  2%  2%  4%  3%  3%  2%
x264 [info]: i4 v,h,dc,ddl,ddr,vr,hd,vl,hu: 37% 15% 25%  4%  4%  5%  3%  5%  3%
x264 [info]: i8c dc,h,v,p: 47% 26% 20%  7%
x264 [info]: ref P L0: 79.8% 10.1%  8.7%  1.3%  0.0%  0.0%  0.0%  0.0%
x264 [info]: ref B L0: 90.0%  7.6%  2.4%  0.0%  0.0%  0.0%
x264 [info]: ref B L1: 91.4%  8.6%  0.0%  0.0%
x264 [info]: kb/s:293.35
                                                        
encoded 1591 frames, 148.28 fps, 293.48 kb/s, 1.86 MB
x264 [info]: ended at Sun Jan 20 14:52:52 2019
x264 [info]: encoding duration 0:00:11
D:\Program\User\免安装工具\小丸工具箱rev194>"D:\Program\User\免安装工具\小丸工具箱rev194\tools\mp4box.exe" -add "E:\Adobe\PR\云南\云南_1_vtemp.mp4#trackID=1:name=" -add "E:\Adobe\PR\云南\云南_1_atemp.mp4#trackID=1:name=" -new "E:\Adobe\PR\云南\云南_1_x264.mp4" 
IsoMedia import 云南_1_vtemp.mp4 - track ID 1 - Video (size 720 x 480)
Importing ISO File: |                    | (01/100)
Importing ISO File: |                    | (02/100)
Importing ISO File: |                    | (03/100)
Importing ISO File: |                    | (04/100)
Importing ISO File: |=                   | (05/100)
Importing ISO File: |=                   | (06/100)
Importing ISO File: |=                   | (07/100)
Importing ISO File: |=                   | (08/100)
Importing ISO File: |=                   | (09/100)
Importing ISO File: |==                  | (10/100)
Importing ISO File: |==                  | (11/100)
Importing ISO File: |==                  | (12/100)
Importing ISO File: |==                  | (13/100)
Importing ISO File: |==                  | (14/100)
Importing ISO File: |===                 | (15/100)
Importing ISO File: |===                 | (16/100)
Importing ISO File: |===                 | (17/100)
Importing ISO File: |===                 | (18/100)
Importing ISO File: |===                 | (19/100)
Importing ISO File: |====                | (20/100)
Importing ISO File: |====                | (21/100)
Importing ISO File: |====                | (22/100)
Importing ISO File: |====                | (23/100)
Importing ISO File: |====                | (24/100)
Importing ISO File: |=====               | (25/100)
Importing ISO File: |=====               | (26/100)
Importing ISO File: |=====               | (27/100)
Importing ISO File: |=====               | (28/100)
Importing ISO File: |=====               | (29/100)
Importing ISO File: |======              | (30/100)
Importing ISO File: |======              | (31/100)
Importing ISO File: |======              | (32/100)
Importing ISO File: |======              | (33/100)
Importing ISO File: |======              | (34/100)
Importing ISO File: |=======             | (35/100)
Importing ISO File: |=======             | (36/100)
Importing ISO File: |=======             | (37/100)
Importing ISO File: |=======             | (38/100)
Importing ISO File: |=======             | (39/100)
Importing ISO File: |========            | (40/100)
Importing ISO File: |========            | (41/100)
Importing ISO File: |========            | (42/100)
Importing ISO File: |========            | (43/100)
Importing ISO File: |========            | (44/100)
Importing ISO File: |=========           | (45/100)
Importing ISO File: |=========           | (46/100)
Importing ISO File: |=========           | (47/100)
Importing ISO File: |=========           | (48/100)
Importing ISO File: |=========           | (49/100)
Importing ISO File: |==========          | (50/100)
Importing ISO File: |==========          | (51/100)
Importing ISO File: |==========          | (52/100)
Importing ISO File: |==========          | (53/100)
Importing ISO File: |==========          | (54/100)
Importing ISO File: |===========         | (55/100)
Importing ISO File: |===========         | (56/100)
Importing ISO File: |===========         | (57/100)
Importing ISO File: |===========         | (58/100)
Importing ISO File: |===========         | (59/100)
Importing ISO File: |============        | (60/100)
Importing ISO File: |============        | (61/100)
Importing ISO File: |============        | (62/100)
Importing ISO File: |============        | (63/100)
Importing ISO File: |============        | (64/100)
Importing ISO File: |=============       | (65/100)
Importing ISO File: |=============       | (66/100)
Importing ISO File: |=============       | (67/100)
Importing ISO File: |=============       | (68/100)
Importing ISO File: |=============       | (69/100)
Importing ISO File: |==============      | (70/100)
Importing ISO File: |==============      | (71/100)
Importing ISO File: |==============      | (72/100)
Importing ISO File: |==============      | (73/100)
Importing ISO File: |==============      | (74/100)
Importing ISO File: |===============     | (75/100)
Importing ISO File: |===============     | (76/100)
Importing ISO File: |===============     | (77/100)
Importing ISO File: |===============     | (78/100)
Importing ISO File: |===============     | (79/100)
Importing ISO File: |================    | (80/100)
Importing ISO File: |================    | (81/100)
Importing ISO File: |================    | (82/100)
Importing ISO File: |================    | (83/100)
Importing ISO File: |================    | (84/100)
Importing ISO File: |=================   | (85/100)
Importing ISO File: |=================   | (86/100)
Importing ISO File: |=================   | (87/100)
Importing ISO File: |=================   | (88/100)
Importing ISO File: |=================   | (89/100)
Importing ISO File: |==================  | (90/100)
Importing ISO File: |==================  | (91/100)
Importing ISO File: |==================  | (92/100)
Importing ISO File: |==================  | (93/100)
Importing ISO File: |==================  | (94/100)
Importing ISO File: |=================== | (95/100)
Importing ISO File: |=================== | (96/100)
Importing ISO File: |=================== | (97/100)
Importing ISO File: |=================== | (98/100)
Importing ISO File: |=================== | (99/100)
                                                          
IsoMedia import 云南_1_atemp.mp4 - track ID 1 - Audio (SR 48000 - 2 channels)
Importing ISO File: |                    | (01/100)
Importing ISO File: |                    | (02/100)
Importing ISO File: |                    | (03/100)
Importing ISO File: |                    | (04/100)
Importing ISO File: |=                   | (05/100)
Importing ISO File: |=                   | (06/100)
Importing ISO File: |=                   | (07/100)
Importing ISO File: |=                   | (08/100)
Importing ISO File: |=                   | (09/100)
Importing ISO File: |==                  | (10/100)
Importing ISO File: |==                  | (11/100)
Importing ISO File: |==                  | (12/100)
Importing ISO File: |==                  | (13/100)
Importing ISO File: |==                  | (14/100)
Importing ISO File: |===                 | (15/100)
Importing ISO File: |===                 | (16/100)
Importing ISO File: |===                 | (17/100)
Importing ISO File: |===                 | (18/100)
Importing ISO File: |===                 | (19/100)
Importing ISO File: |====                | (20/100)
Importing ISO File: |====                | (21/100)
Importing ISO File: |====                | (22/100)
Importing ISO File: |====                | (23/100)
Importing ISO File: |====                | (24/100)
Importing ISO File: |=====               | (25/100)
Importing ISO File: |=====               | (26/100)
Importing ISO File: |=====               | (27/100)
Importing ISO File: |=====               | (28/100)
Importing ISO File: |=====               | (29/100)
Importing ISO File: |======              | (30/100)
Importing ISO File: |======              | (31/100)
Importing ISO File: |======              | (32/100)
Importing ISO File: |======              | (33/100)
Importing ISO File: |======              | (34/100)
Importing ISO File: |=======             | (35/100)
Importing ISO File: |=======             | (36/100)
Importing ISO File: |=======             | (37/100)
Importing ISO File: |=======             | (38/100)
Importing ISO File: |=======             | (39/100)
Importing ISO File: |========            | (40/100)
Importing ISO File: |========            | (41/100)
Importing ISO File: |========            | (42/100)
Importing ISO File: |========            | (43/100)
Importing ISO File: |========            | (44/100)
Importing ISO File: |=========           | (45/100)
Importing ISO File: |=========           | (46/100)
Importing ISO File: |=========           | (47/100)
Importing ISO File: |=========           | (48/100)
Importing ISO File: |=========           | (49/100)
Importing ISO File: |==========          | (50/100)
Importing ISO File: |==========          | (51/100)
Importing ISO File: |==========          | (52/100)
Importing ISO File: |==========          | (53/100)
Importing ISO File: |==========          | (54/100)
Importing ISO File: |===========         | (55/100)
Importing ISO File: |===========         | (56/100)
Importing ISO File: |===========         | (57/100)
Importing ISO File: |===========         | (58/100)
Importing ISO File: |===========         | (59/100)
Importing ISO File: |============        | (60/100)
Importing ISO File: |============        | (61/100)
Importing ISO File: |============        | (62/100)
Importing ISO File: |============        | (63/100)
Importing ISO File: |============        | (64/100)
Importing ISO File: |=============       | (65/100)
Importing ISO File: |=============       | (66/100)
Importing ISO File: |=============       | (67/100)
Importing ISO File: |=============       | (68/100)
Importing ISO File: |=============       | (69/100)
Importing ISO File: |==============      | (70/100)
Importing ISO File: |==============      | (71/100)
Importing ISO File: |==============      | (72/100)
Importing ISO File: |==============      | (73/100)
Importing ISO File: |==============      | (74/100)
Importing ISO File: |===============     | (75/100)
Importing ISO File: |===============     | (76/100)
Importing ISO File: |===============     | (77/100)
Importing ISO File: |===============     | (78/100)
Importing ISO File: |===============     | (79/100)
Importing ISO File: |================    | (80/100)
Importing ISO File: |================    | (81/100)
Importing ISO File: |================    | (82/100)
Importing ISO File: |================    | (83/100)
Importing ISO File: |================    | (84/100)
Importing ISO File: |=================   | (85/100)
Importing ISO File: |=================   | (86/100)
Importing ISO File: |=================   | (87/100)
Importing ISO File: |=================   | (88/100)
Importing ISO File: |=================   | (89/100)
Importing ISO File: |==================  | (90/100)
Importing ISO File: |==================  | (91/100)
Importing ISO File: |==================  | (92/100)
Importing ISO File: |==================  | (93/100)
Importing ISO File: |==================  | (94/100)
Importing ISO File: |=================== | (95/100)
Importing ISO File: |=================== | (96/100)
Importing ISO File: |=================== | (97/100)
Importing ISO File: |=================== | (98/100)
Importing ISO File: |=================== | (99/100)
                                                          
Saving E:\Adobe\PR\云南\云南_1_x264.mp4: 0.500 secs Interleaving
ISO File Writing: |                    | (01/100)
ISO File Writing: |                    | (02/100)
ISO File Writing: |                    | (03/100)
ISO File Writing: |                    | (04/100)
ISO File Writing: |=                   | (05/100)
ISO File Writing: |=                   | (06/100)
ISO File Writing: |=                   | (07/100)
ISO File Writing: |=                   | (08/100)
ISO File Writing: |=                   | (09/100)
ISO File Writing: |==                  | (10/100)
ISO File Writing: |==                  | (11/100)
ISO File Writing: |==                  | (12/100)
ISO File Writing: |==                  | (13/100)
ISO File Writing: |==                  | (14/100)
ISO File Writing: |===                 | (15/100)
ISO File Writing: |===                 | (16/100)
ISO File Writing: |===                 | (17/100)
ISO File Writing: |===                 | (18/100)
ISO File Writing: |===                 | (19/100)
ISO File Writing: |====                | (20/100)
ISO File Writing: |====                | (21/100)
ISO File Writing: |====                | (22/100)
ISO File Writing: |====                | (23/100)
ISO File Writing: |====                | (24/100)
ISO File Writing: |=====               | (25/100)
ISO File Writing: |=====               | (26/100)
ISO File Writing: |=====               | (27/100)
ISO File Writing: |=====               | (28/100)
ISO File Writing: |=====               | (29/100)
ISO File Writing: |======              | (30/100)
ISO File Writing: |======              | (31/100)
ISO File Writing: |======              | (32/100)
ISO File Writing: |======              | (33/100)
ISO File Writing: |======              | (34/100)
ISO File Writing: |=======             | (35/100)
ISO File Writing: |=======             | (36/100)
ISO File Writing: |=======             | (37/100)
ISO File Writing: |=======             | (38/100)
ISO File Writing: |=======             | (39/100)
ISO File Writing: |========            | (40/100)
ISO File Writing: |========            | (41/100)
ISO File Writing: |========            | (42/100)
ISO File Writing: |========            | (43/100)
ISO File Writing: |========            | (44/100)
ISO File Writing: |=========           | (45/100)
ISO File Writing: |=========           | (46/100)
ISO File Writing: |=========           | (47/100)
ISO File Writing: |=========           | (48/100)
ISO File Writing: |=========           | (49/100)
ISO File Writing: |==========          | (50/100)
ISO File Writing: |==========          | (51/100)
ISO File Writing: |==========          | (52/100)
ISO File Writing: |==========          | (53/100)
ISO File Writing: |==========          | (54/100)
ISO File Writing: |===========         | (55/100)
ISO File Writing: |===========         | (56/100)
ISO File Writing: |===========         | (57/100)
ISO File Writing: |===========         | (58/100)
ISO File Writing: |===========         | (59/100)
ISO File Writing: |============        | (60/100)
ISO File Writing: |============        | (61/100)
ISO File Writing: |============        | (62/100)
ISO File Writing: |============        | (63/100)
ISO File Writing: |============        | (64/100)
ISO File Writing: |=============       | (65/100)
ISO File Writing: |=============       | (66/100)
ISO File Writing: |=============       | (67/100)
ISO File Writing: |=============       | (68/100)
ISO File Writing: |=============       | (69/100)
ISO File Writing: |==============      | (70/100)
ISO File Writing: |==============      | (71/100)
ISO File Writing: |==============      | (72/100)
ISO File Writing: |==============      | (73/100)
ISO File Writing: |==============      | (74/100)
ISO File Writing: |===============     | (75/100)
ISO File Writing: |===============     | (76/100)
ISO File Writing: |===============     | (77/100)
ISO File Writing: |===============     | (78/100)
ISO File Writing: |===============     | (79/100)
ISO File Writing: |================    | (80/100)
ISO File Writing: |================    | (81/100)
ISO File Writing: |================    | (82/100)
ISO File Writing: |================    | (83/100)
ISO File Writing: |================    | (84/100)
ISO File Writing: |=================   | (85/100)
ISO File Writing: |=================   | (86/100)
ISO File Writing: |=================   | (87/100)
ISO File Writing: |=================   | (88/100)
ISO File Writing: |=================   | (89/100)
ISO File Writing: |==================  | (90/100)
ISO File Writing: |==================  | (91/100)
ISO File Writing: |==================  | (92/100)
ISO File Writing: |==================  | (93/100)
ISO File Writing: |==================  | (94/100)
ISO File Writing: |=================== | (95/100)
ISO File Writing: |=================== | (96/100)
ISO File Writing: |=================== | (97/100)
ISO File Writing: |=================== | (98/100)
ISO File Writing: |=================== | (99/100)
                                                        
D:\Program\User\免安装工具\小丸工具箱rev194>del "E:\Adobe\PR\云南\云南_1_vtemp.mp4" 
D:\Program\User\免安装工具\小丸工具箱rev194>del "E:\Adobe\PR\云南\云南_1_atemp.mp4" 
D:\Program\User\免安装工具\小丸工具箱rev194>echo ===== one file is completed! ===== 
===== one file is completed! =====


===========2019/01/20 14:53:33===========
"D:\Program\User\免安装工具\小丸工具箱rev194\tools\ffmpeg.exe" -i "E:\Adobe\PR\云南\云南_1.avi" -vn -sn -v 0 -c:a pcm_s16le -f wav pipe:|"D:\Program\User\免安装工具\小丸工具箱rev194\tools\neroAacEnc.exe" -ignorelength -lc -br 32000 -if - -of "E:\Adobe\PR\云南\云南_1_atemp.mp4"
"D:\Program\User\免安装工具\小丸工具箱rev194\tools\x264_32-8bit.exe" --crf 30 --demuxer ffms --threads auto --preset 8  -I 300 -r 4 -b 3 --me umh -i 1 --scenecut 60 -f 1:1 --qcomp 0.5 --psy-rd 0.3:0 --aq-mode 2 --aq-strength 0.8 -o "E:\Adobe\PR\云南\云南_1_vtemp.mp4" "E:\Adobe\PR\云南\云南_1.avi"
"D:\Program\User\免安装工具\小丸工具箱rev194\tools\mp4box.exe" -add "E:\Adobe\PR\云南\云南_1_vtemp.mp4#trackID=1:name=" -add "E:\Adobe\PR\云南\云南_1_atemp.mp4#trackID=1:name=" -new "E:\Adobe\PR\云南\云南_1_x264.mp4"

del "E:\Adobe\PR\云南\云南_1_vtemp.mp4"
del "E:\Adobe\PR\云南\云南_1_atemp.mp4"

echo ===== one file is completed! =====


===========2019/01/20 14:53:45===========
D:\Program\User\免安装工具\小丸工具箱rev194>"D:\Program\User\免安装工具\小丸工具箱rev194\tools\ffmpeg.exe" -i "E:\Adobe\PR\云南\云南_1.avi" -vn -sn -v 0 -c:a pcm_s16le -f wav pipe:  | "D:\Program\User\免安装工具\小丸工具箱rev194\tools\neroAacEnc.exe" -ignorelength -lc -br 32000 -if - -of "E:\Adobe\PR\云南\云南_1_atemp.mp4" 
*************************************************************
*                                                           *
*  Nero AAC Encoder                                         *
*  Copyright 2009 Nero AG                                   *
*  All Rights Reserved Worldwide                            *
*                                                           *
*  Package build date: Feb 18 2010                          *
*  Package version:    1.5.4.0                              *
*                                                           *
*  See -help for a complete list of available parameters.   *
*                                                           *
*************************************************************
D:\Program\User\免安装工具\小丸工具箱rev194>"D:\Program\User\免安装工具\小丸工具箱rev194\tools\x264_32-8bit.exe" --crf 30 --demuxer ffms --threads auto --preset 8  -I 300 -r 4 -b 3 --me umh -i 1 --scenecut 60 -f 1:1 --qcomp 0.5 --psy-rd 0.3:0 --aq-mode 2 --aq-strength 0.8 -o "E:\Adobe\PR\云南\云南_1_vtemp.mp4" "E:\Adobe\PR\云南\云南_1.avi" 
[info]: indexing input file [2.5%]  
                                            
ffms [info]: 
 Format    : avi
 Codec     : dvvideo
 PixFmt    : yuv411p
 Framerate : 30000/1001
 Timebase  : 1001000/30000000
 Duration  : 0:00:53
ffms [info]: 720x480i 32:27 @ 30000/1001 fps (vfr)
ffms [info]: color matrix: bt470bg
resize [warning]: converting from yuv411p to yuv422p
resize [warning]: converting from yuv422p to yuv420p
x264 [warning]: input appears to be interlaced, enabling bff interlaced mode.
                If you want otherwise, use --no-interlaced or --tff
x264 [warning]: interlace + weightp is not implemented
x264 [info]: using SAR=32/27
x264 [info]: using cpu capabilities: MMX2 SSE2Fast SSSE3 SSE4.2 AVX FMA3 AVX2 LZCNT BMI2
x264 [info]: AVC Encoder x264 core 148 r2597+52 4ed4a81 xiaowan [8-bit@all X86]
x264 [info]: profile: High, level: 3.0, subsampling: 4:2:0, bit-depth: 8-bit
x264 [info]: cabac=1 ref=4 deblock=1:1:1 analyse=0x3:0x133 me=umh subme=10 psy=1 fade_compensate=0.00 psy_rd=0.30:0.00 mixed_ref=1 me_range=24 chroma_me=1 trellis=2 8x8dct=1 cqm=0 deadzone=21,11 fast_pskip=1 chroma_qp_offset=-2 threads=15 lookahead_threads=1 sliced_threads=0 nr=0 decimate=1 interlaced=bff bluray_compat=0 constrained_intra=0 fgo=0 bframes=3 b_pyramid=2 b_adapt=2 b_bias=0 direct=3 weightb=1 open_gop=0 weightp=0 keyint=300 keyint_min=1 scenecut=60 intra_refresh=0 rc_lookahead=60 rc=crf mbtree=1 crf=30.0000 qcomp=0.50 qpmin=0:0:0 qpmax=69:69:69 qpstep=4 ip_ratio=1.40 aq=2:0.80 aq-sensitivity=10.00 aq-factor=1.00:1.00:1.00 aq2=0 aq3=0
x264 [info]: started at Sun Jan 20 14:53:34 2019
                                                                                                                       
x264 [info]: frame I:6     Avg QP:30.10  size: 14418
x264 [info]: frame P:535   Avg QP:32.90  size:  2901
x264 [info]: frame B:1050  Avg QP:33.61  size:   294
x264 [info]: consecutive B-frames:  6.1%  7.4% 30.9% 55.6%
x264 [info]: mb I  I16..4: 24.5% 53.4% 22.0%
x264 [info]: mb P  I16..4:  7.9%  7.3%  0.7%  P16..4: 25.5%  5.0%  3.8%  0.2%  0.0%    skip:49.5%
x264 [info]: mb B  I16..4:  0.1%  0.0%  0.0%  B16..8: 15.2%  0.6%  0.1%  direct: 0.5%  skip:83.5%  L0:34.7% L1:62.0% BI: 3.2%
x264 [info]: field mbs: intra: 3.0% inter:6.3% skip:4.5%
x264 [info]: 8x8 transform intra:46.3% inter:72.9%
x264 [info]: direct mvs  spatial:99.1% temporal:0.9%
x264 [info]: coded y,uvDC,uvAC intra: 15.7% 23.0% 3.6% inter: 5.2% 3.8% 0.1%
x264 [info]: i16 v,h,dc,p: 43% 30% 10% 17%
x264 [info]: i8 v,h,dc,ddl,ddr,vr,hd,vl,hu: 18% 14% 51%  2%  2%  4%  3%  3%  2%
x264 [info]: i4 v,h,dc,ddl,ddr,vr,hd,vl,hu: 37% 15% 25%  4%  4%  5%  3%  5%  3%
x264 [info]: i8c dc,h,v,p: 47% 26% 20%  7%
x264 [info]: ref P L0: 79.8% 10.1%  8.7%  1.3%  0.0%  0.0%  0.0%  0.0%
x264 [info]: ref B L0: 90.0%  7.6%  2.4%  0.0%  0.0%  0.0%
x264 [info]: ref B L1: 91.4%  8.6%  0.0%  0.0%
x264 [info]: kb/s:293.35
                                                        
encoded 1591 frames, 149.21 fps, 293.48 kb/s, 1.86 MB
x264 [info]: ended at Sun Jan 20 14:53:45 2019
x264 [info]: encoding duration 0:00:11
D:\Program\User\免安装工具\小丸工具箱rev194>"D:\Program\User\免安装工具\小丸工具箱rev194\tools\mp4box.exe" -add "E:\Adobe\PR\云南\云南_1_vtemp.mp4#trackID=1:name=" -add "E:\Adobe\PR\云南\云南_1_atemp.mp4#trackID=1:name=" -new "E:\Adobe\PR\云南\云南_1_x264.mp4" 
IsoMedia import 云南_1_vtemp.mp4 - track ID 1 - Video (size 720 x 480)
Importing ISO File: |                    | (01/100)
Importing ISO File: |                    | (02/100)
Importing ISO File: |                    | (03/100)
Importing ISO File: |                    | (04/100)
Importing ISO File: |=                   | (05/100)
Importing ISO File: |=                   | (06/100)
Importing ISO File: |=                   | (07/100)
Importing ISO File: |=                   | (08/100)
Importing ISO File: |=                   | (09/100)
Importing ISO File: |==                  | (10/100)
Importing ISO File: |==                  | (11/100)
Importing ISO File: |==                  | (12/100)
Importing ISO File: |==                  | (13/100)
Importing ISO File: |==                  | (14/100)
Importing ISO File: |===                 | (15/100)
Importing ISO File: |===                 | (16/100)
Importing ISO File: |===                 | (17/100)
Importing ISO File: |===                 | (18/100)
Importing ISO File: |===                 | (19/100)
Importing ISO File: |====                | (20/100)
Importing ISO File: |====                | (21/100)
Importing ISO File: |====                | (22/100)
Importing ISO File: |====                | (23/100)
Importing ISO File: |====                | (24/100)
Importing ISO File: |=====               | (25/100)
Importing ISO File: |=====               | (26/100)
Importing ISO File: |=====               | (27/100)
Importing ISO File: |=====               | (28/100)
Importing ISO File: |=====               | (29/100)
Importing ISO File: |======              | (30/100)
Importing ISO File: |======              | (31/100)
Importing ISO File: |======              | (32/100)
Importing ISO File: |======              | (33/100)
Importing ISO File: |======              | (34/100)
Importing ISO File: |=======             | (35/100)
Importing ISO File: |=======             | (36/100)
Importing ISO File: |=======             | (37/100)
Importing ISO File: |=======             | (38/100)
Importing ISO File: |=======             | (39/100)
Importing ISO File: |========            | (40/100)
Importing ISO File: |========            | (41/100)
Importing ISO File: |========            | (42/100)
Importing ISO File: |========            | (43/100)
Importing ISO File: |========            | (44/100)
Importing ISO File: |=========           | (45/100)
Importing ISO File: |=========           | (46/100)
Importing ISO File: |=========           | (47/100)
Importing ISO File: |=========           | (48/100)
Importing ISO File: |=========           | (49/100)
Importing ISO File: |==========          | (50/100)
Importing ISO File: |==========          | (51/100)
Importing ISO File: |==========          | (52/100)
Importing ISO File: |==========          | (53/100)
Importing ISO File: |==========          | (54/100)
Importing ISO File: |===========         | (55/100)
Importing ISO File: |===========         | (56/100)
Importing ISO File: |===========         | (57/100)
Importing ISO File: |===========         | (58/100)
Importing ISO File: |===========         | (59/100)
Importing ISO File: |============        | (60/100)
Importing ISO File: |============        | (61/100)
Importing ISO File: |============        | (62/100)
Importing ISO File: |============        | (63/100)
Importing ISO File: |============        | (64/100)
Importing ISO File: |=============       | (65/100)
Importing ISO File: |=============       | (66/100)
Importing ISO File: |=============       | (67/100)
Importing ISO File: |=============       | (68/100)
Importing ISO File: |=============       | (69/100)
Importing ISO File: |==============      | (70/100)
Importing ISO File: |==============      | (71/100)
Importing ISO File: |==============      | (72/100)
Importing ISO File: |==============      | (73/100)
Importing ISO File: |==============      | (74/100)
Importing ISO File: |===============     | (75/100)
Importing ISO File: |===============     | (76/100)
Importing ISO File: |===============     | (77/100)
Importing ISO File: |===============     | (78/100)
Importing ISO File: |===============     | (79/100)
Importing ISO File: |================    | (80/100)
Importing ISO File: |================    | (81/100)
Importing ISO File: |================    | (82/100)
Importing ISO File: |================    | (83/100)
Importing ISO File: |================    | (84/100)
Importing ISO File: |=================   | (85/100)
Importing ISO File: |=================   | (86/100)
Importing ISO File: |=================   | (87/100)
Importing ISO File: |=================   | (88/100)
Importing ISO File: |=================   | (89/100)
Importing ISO File: |==================  | (90/100)
Importing ISO File: |==================  | (91/100)
Importing ISO File: |==================  | (92/100)
Importing ISO File: |==================  | (93/100)
Importing ISO File: |==================  | (94/100)
Importing ISO File: |=================== | (95/100)
Importing ISO File: |=================== | (96/100)
Importing ISO File: |=================== | (97/100)
Importing ISO File: |=================== | (98/100)
Importing ISO File: |=================== | (99/100)
                                                          
IsoMedia import 云南_1_atemp.mp4 - track ID 1 - Audio (SR 48000 - 2 channels)
Importing ISO File: |                    | (01/100)
Importing ISO File: |                    | (02/100)
Importing ISO File: |                    | (03/100)
Importing ISO File: |                    | (04/100)
Importing ISO File: |=                   | (05/100)
Importing ISO File: |=                   | (06/100)
Importing ISO File: |=                   | (07/100)
Importing ISO File: |=                   | (08/100)
Importing ISO File: |=                   | (09/100)
Importing ISO File: |==                  | (10/100)
Importing ISO File: |==                  | (11/100)
Importing ISO File: |==                  | (12/100)
Importing ISO File: |==                  | (13/100)
Importing ISO File: |==                  | (14/100)
Importing ISO File: |===                 | (15/100)
Importing ISO File: |===                 | (16/100)
Importing ISO File: |===                 | (17/100)
Importing ISO File: |===                 | (18/100)
Importing ISO File: |===                 | (19/100)
Importing ISO File: |====                | (20/100)
Importing ISO File: |====                | (21/100)
Importing ISO File: |====                | (22/100)
Importing ISO File: |====                | (23/100)
Importing ISO File: |====                | (24/100)
Importing ISO File: |=====               | (25/100)
Importing ISO File: |=====               | (26/100)
Importing ISO File: |=====               | (27/100)
Importing ISO File: |=====               | (28/100)
Importing ISO File: |=====               | (29/100)
Importing ISO File: |======              | (30/100)
Importing ISO File: |======              | (31/100)
Importing ISO File: |======              | (32/100)
Importing ISO File: |======              | (33/100)
Importing ISO File: |======              | (34/100)
Importing ISO File: |=======             | (35/100)
Importing ISO File: |=======             | (36/100)
Importing ISO File: |=======             | (37/100)
Importing ISO File: |=======             | (38/100)
Importing ISO File: |=======             | (39/100)
Importing ISO File: |========            | (40/100)
Importing ISO File: |========            | (41/100)
Importing ISO File: |========            | (42/100)
Importing ISO File: |========            | (43/100)
Importing ISO File: |========            | (44/100)
Importing ISO File: |=========           | (45/100)
Importing ISO File: |=========           | (46/100)
Importing ISO File: |=========           | (47/100)
Importing ISO File: |=========           | (48/100)
Importing ISO File: |=========           | (49/100)
Importing ISO File: |==========          | (50/100)
Importing ISO File: |==========          | (51/100)
Importing ISO File: |==========          | (52/100)
Importing ISO File: |==========          | (53/100)
Importing ISO File: |==========          | (54/100)
Importing ISO File: |===========         | (55/100)
Importing ISO File: |===========         | (56/100)
Importing ISO File: |===========         | (57/100)
Importing ISO File: |===========         | (58/100)
Importing ISO File: |===========         | (59/100)
Importing ISO File: |============        | (60/100)
Importing ISO File: |============        | (61/100)
Importing ISO File: |============        | (62/100)
Importing ISO File: |============        | (63/100)
Importing ISO File: |============        | (64/100)
Importing ISO File: |=============       | (65/100)
Importing ISO File: |=============       | (66/100)
Importing ISO File: |=============       | (67/100)
Importing ISO File: |=============       | (68/100)
Importing ISO File: |=============       | (69/100)
Importing ISO File: |==============      | (70/100)
Importing ISO File: |==============      | (71/100)
Importing ISO File: |==============      | (72/100)
Importing ISO File: |==============      | (73/100)
Importing ISO File: |==============      | (74/100)
Importing ISO File: |===============     | (75/100)
Importing ISO File: |===============     | (76/100)
Importing ISO File: |===============     | (77/100)
Importing ISO File: |===============     | (78/100)
Importing ISO File: |===============     | (79/100)
Importing ISO File: |================    | (80/100)
Importing ISO File: |================    | (81/100)
Importing ISO File: |================    | (82/100)
Importing ISO File: |================    | (83/100)
Importing ISO File: |================    | (84/100)
Importing ISO File: |=================   | (85/100)
Importing ISO File: |=================   | (86/100)
Importing ISO File: |=================   | (87/100)
Importing ISO File: |=================   | (88/100)
Importing ISO File: |=================   | (89/100)
Importing ISO File: |==================  | (90/100)
Importing ISO File: |==================  | (91/100)
Importing ISO File: |==================  | (92/100)
Importing ISO File: |==================  | (93/100)
Importing ISO File: |==================  | (94/100)
Importing ISO File: |=================== | (95/100)
Importing ISO File: |=================== | (96/100)
Importing ISO File: |=================== | (97/100)
Importing ISO File: |=================== | (98/100)
Importing ISO File: |=================== | (99/100)
                                                          
Saving E:\Adobe\PR\云南\云南_1_x264.mp4: 0.500 secs Interleaving
ISO File Writing: |                    | (01/100)
ISO File Writing: |                    | (02/100)
ISO File Writing: |                    | (03/100)
ISO File Writing: |                    | (04/100)
ISO File Writing: |=                   | (05/100)
ISO File Writing: |=                   | (06/100)
ISO File Writing: |=                   | (07/100)
ISO File Writing: |=                   | (08/100)
ISO File Writing: |=                   | (09/100)
ISO File Writing: |==                  | (10/100)
ISO File Writing: |==                  | (11/100)
ISO File Writing: |==                  | (12/100)
ISO File Writing: |==                  | (13/100)
ISO File Writing: |==                  | (14/100)
ISO File Writing: |===                 | (15/100)
ISO File Writing: |===                 | (16/100)
ISO File Writing: |===                 | (17/100)
ISO File Writing: |===                 | (18/100)
ISO File Writing: |===                 | (19/100)
ISO File Writing: |====                | (20/100)
ISO File Writing: |====                | (21/100)
ISO File Writing: |====                | (22/100)
ISO File Writing: |====                | (23/100)
ISO File Writing: |====                | (24/100)
ISO File Writing: |=====               | (25/100)
ISO File Writing: |=====               | (26/100)
ISO File Writing: |=====               | (27/100)
ISO File Writing: |=====               | (28/100)
ISO File Writing: |=====               | (29/100)
ISO File Writing: |======              | (30/100)
ISO File Writing: |======              | (31/100)
ISO File Writing: |======              | (32/100)
ISO File Writing: |======              | (33/100)
ISO File Writing: |======              | (34/100)
ISO File Writing: |=======             | (35/100)
ISO File Writing: |=======             | (36/100)
ISO File Writing: |=======             | (37/100)
ISO File Writing: |=======             | (38/100)
ISO File Writing: |=======             | (39/100)
ISO File Writing: |========            | (40/100)
ISO File Writing: |========            | (41/100)
ISO File Writing: |========            | (42/100)
ISO File Writing: |========            | (43/100)
ISO File Writing: |========            | (44/100)
ISO File Writing: |=========           | (45/100)
ISO File Writing: |=========           | (46/100)
ISO File Writing: |=========           | (47/100)
ISO File Writing: |=========           | (48/100)
ISO File Writing: |=========           | (49/100)
ISO File Writing: |==========          | (50/100)
ISO File Writing: |==========          | (51/100)
ISO File Writing: |==========          | (52/100)
ISO File Writing: |==========          | (53/100)
ISO File Writing: |==========          | (54/100)
ISO File Writing: |===========         | (55/100)
ISO File Writing: |===========         | (56/100)
ISO File Writing: |===========         | (57/100)
ISO File Writing: |===========         | (58/100)
ISO File Writing: |===========         | (59/100)
ISO File Writing: |============        | (60/100)
ISO File Writing: |============        | (61/100)
ISO File Writing: |============        | (62/100)
ISO File Writing: |============        | (63/100)
ISO File Writing: |============        | (64/100)
ISO File Writing: |=============       | (65/100)
ISO File Writing: |=============       | (66/100)
ISO File Writing: |=============       | (67/100)
ISO File Writing: |=============       | (68/100)
ISO File Writing: |=============       | (69/100)
ISO File Writing: |==============      | (70/100)
ISO File Writing: |==============      | (71/100)
ISO File Writing: |==============      | (72/100)
ISO File Writing: |==============      | (73/100)
ISO File Writing: |==============      | (74/100)
ISO File Writing: |===============     | (75/100)
ISO File Writing: |===============     | (76/100)
ISO File Writing: |===============     | (77/100)
ISO File Writing: |===============     | (78/100)
ISO File Writing: |===============     | (79/100)
ISO File Writing: |================    | (80/100)
ISO File Writing: |================    | (81/100)
ISO File Writing: |================    | (82/100)
ISO File Writing: |================    | (83/100)
ISO File Writing: |================    | (84/100)
ISO File Writing: |=================   | (85/100)
ISO File Writing: |=================   | (86/100)
ISO File Writing: |=================   | (87/100)
ISO File Writing: |=================   | (88/100)
ISO File Writing: |=================   | (89/100)
ISO File Writing: |==================  | (90/100)
ISO File Writing: |==================  | (91/100)
ISO File Writing: |==================  | (92/100)
ISO File Writing: |==================  | (93/100)
ISO File Writing: |==================  | (94/100)
ISO File Writing: |=================== | (95/100)
ISO File Writing: |=================== | (96/100)
ISO File Writing: |=================== | (97/100)
ISO File Writing: |=================== | (98/100)
ISO File Writing: |=================== | (99/100)
                                                        
D:\Program\User\免安装工具\小丸工具箱rev194>del "E:\Adobe\PR\云南\云南_1_vtemp.mp4" 
D:\Program\User\免安装工具\小丸工具箱rev194>del "E:\Adobe\PR\云南\云南_1_atemp.mp4" 
D:\Program\User\免安装工具\小丸工具箱rev194>echo ===== one file is completed! ===== 
===== one file is completed! =====


