===========2016/8/11 21:50:25===========
"D:\小丸工具箱v194\小丸工具箱rev194\tools\x264_64-8bit.exe" --crf 23.5 --demuxer ffms --threads auto --preset 8  -I 250 -r 4 -b 3 --me umh -i 1 --scenecut 60 -f 1:1 --qcomp 0.5 --psy-rd 0.3:0 --aq-mode 2 --aq-strength 0.8 --vf resize:480,360,,,,lanczos -o "D:\Main Comp_x264.mp4" "D:\Main Comp.avi"

echo ===== one file is completed! =====


===========2016/8/11 21:51:20===========
D:\小丸工具箱v194\小丸工具箱rev194>"D:\小丸工具箱v194\小丸工具箱rev194\tools\x264_64-8bit.exe" --crf 23.5 --demuxer ffms --threads auto --preset 8  -I 250 -r 4 -b 3 --me umh -i 1 --scenecut 60 -f 1:1 --qcomp 0.5 --psy-rd 0.3:0 --aq-mode 2 --aq-strength 0.8 --vf resize:480,360,,,,lanczos -o "D:\Main Comp_x264.mp4" "D:\Main Comp.avi" 
[info]: indexing input file [0.3%]  
[info]: indexing input file [1.4%]  
[info]: indexing input file [2.6%]  
[info]: indexing input file [3.7%]  
[info]: indexing input file [5.1%]  
[info]: indexing input file [6.6%]  
[info]: indexing input file [7.7%]  
[info]: indexing input file [9.1%]  
[info]: indexing input file [9.7%]  
[info]: indexing input file [10.0%]  
[info]: indexing input file [10.9%]  
[info]: indexing input file [12.0%]  
[info]: indexing input file [12.9%]  
[info]: indexing input file [13.4%]  
[info]: indexing input file [14.6%]  
[info]: indexing input file [15.7%]  
[info]: indexing input file [16.9%]  
[info]: indexing input file [18.0%]  
[info]: indexing input file [19.1%]  
[info]: indexing input file [20.0%]  
[info]: indexing input file [20.9%]  
[info]: indexing input file [22.3%]  
[info]: indexing input file [23.7%]  
[info]: indexing input file [25.1%]  
[info]: indexing input file [26.6%]  
[info]: indexing input file [28.0%]  
[info]: indexing input file [29.4%]  
[info]: indexing input file [30.9%]  
[info]: indexing input file [32.0%]  
[info]: indexing input file [33.1%]  
[info]: indexing input file [34.0%]  
[info]: indexing input file [34.3%]  
[info]: indexing input file [36.0%]  
[info]: indexing input file [37.4%]  
[info]: indexing input file [38.9%]  
[info]: indexing input file [40.3%]  
[info]: indexing input file [41.4%]  
[info]: indexing input file [42.9%]  
[info]: indexing input file [44.0%]  
[info]: indexing input file [45.4%]  
[info]: indexing input file [46.6%]  
[info]: indexing input file [48.0%]  
[info]: indexing input file [49.4%]  
[info]: indexing input file [49.7%]  
[info]: indexing input file [50.9%]  
[info]: indexing input file [52.3%]  
[info]: indexing input file [53.7%]  
[info]: indexing input file [54.9%]  
[info]: indexing input file [56.6%]  
[info]: indexing input file [57.4%]  
[info]: indexing input file [58.3%]  
[info]: indexing input file [59.1%]  
[info]: indexing input file [60.0%]  
[info]: indexing input file [61.4%]  
[info]: indexing input file [62.6%]  
[info]: indexing input file [64.3%]  
[info]: indexing input file [65.4%]  
[info]: indexing input file [66.6%]  
[info]: indexing input file [67.7%]  
[info]: indexing input file [68.9%]  
[info]: indexing input file [70.0%]  
[info]: indexing input file [70.6%]  
[info]: indexing input file [70.9%]  
[info]: indexing input file [71.7%]  
[info]: indexing input file [73.4%]  
[info]: indexing input file [74.6%]  
[info]: indexing input file [76.0%]  
[info]: indexing input file [77.4%]  
[info]: indexing input file [78.6%]  
[info]: indexing input file [79.7%]  
[info]: indexing input file [80.6%]  
[info]: indexing input file [81.7%]  
[info]: indexing input file [83.1%]  
[info]: indexing input file [84.6%]  
[info]: indexing input file [85.7%]  
[info]: indexing input file [87.1%]  
[info]: indexing input file [88.6%]  
[info]: indexing input file [90.0%]  
[info]: indexing input file [91.1%]  
[info]: indexing input file [92.3%]  
[info]: indexing input file [92.9%]  
[info]: indexing input file [93.7%]  
[info]: indexing input file [95.1%]  
[info]: indexing input file [96.3%]  
[info]: indexing input file [97.7%]  
[info]: indexing input file [99.1%]  
                                            
ffms [info]: 
 Format    : avi
 Codec     : rawvideo
 PixFmt    : bgr24
 Framerate : 25/1
 Timebase  : 1000/25000
 Duration  : 0:00:14
ffms [warning]: recommend using --demuxer lavf with rawvideoffms [info]: 1920x1080p 0:1 @ 25/1 fps (vfr)
ffms [info]: color matrix: bt709
resize [info]: resizing to 480x360
resize [warning]: converting from bgr24 to yuv420p
x264 [info]: using SAR=4/3
x264 [info]: using cpu capabilities: MMX2 SSE2Fast SSSE3 SSE4.2 AVX FMA3 AVX2 LZCNT BMI2
x264 [info]: AVC Encoder x264 core 148 r2597+52 4ed4a81 xiaowan [8-bit@all X86_64]
x264 [info]: profile: High, level: 2.1, subsampling: 4:2:0, bit-depth: 8-bit
x264 [info]: cabac=1 ref=4 deblock=1:1:1 analyse=0x3:0x133 me=umh subme=10 psy=1 fade_compensate=0.00 psy_rd=0.30:0.00 mixed_ref=1 me_range=24 chroma_me=1 trellis=2 8x8dct=1 cqm=0 deadzone=21,11 fast_pskip=1 chroma_qp_offset=-2 threads=11 lookahead_threads=1 sliced_threads=0 nr=0 decimate=1 interlaced=0 bluray_compat=0 constrained_intra=0 fgo=0 bframes=3 b_pyramid=2 b_adapt=2 b_bias=0 direct=3 weightb=1 open_gop=0 weightp=2 keyint=250 keyint_min=1 scenecut=60 intra_refresh=0 rc_lookahead=60 rc=crf mbtree=1 crf=23.5000 qcomp=0.50 qpmin=0:0:0 qpmax=69:69:69 qpstep=4 ip_ratio=1.40 aq=2:0.80 aq-sensitivity=10.00 aq-factor=1.00:1.00:1.00 aq2=0 aq3=0
x264 [info]: started at Thu Aug 11 21:50:53 2016
                                                                                                                       
x264 [info]: frame I:2     Avg QP:23.98  size:  9174
x264 [info]: frame P:99    Avg QP:26.32  size:  3481
x264 [info]: frame B:249   Avg QP:28.79  size:  1011
x264 [info]: consecutive B-frames:  2.3%  2.9% 17.1% 77.7%
x264 [info]: mb I  I16..4: 51.4% 36.8% 11.8%
x264 [info]: mb P  I16..4:  9.8%  9.3%  1.5%  P16..4: 24.4%  4.4%  3.9%  0.6%  0.2%    skip:45.9%
x264 [info]: mb B  I16..4:  0.1%  1.1%  0.1%  B16..8: 12.4%  3.6%  1.2%  direct: 2.1%  skip:79.3%  L0:24.2% L1:49.2% BI:26.6%
x264 [info]: 8x8 transform intra:49.4% inter:69.0%
x264 [info]: direct mvs  spatial:97.6% temporal:2.4%
x264 [info]: coded y,uvDC,uvAC intra: 43.6% 38.9% 16.3% inter: 7.8% 5.5% 1.1%
x264 [info]: i16 v,h,dc,p: 11% 26%  5% 58%
x264 [info]: i8 v,h,dc,ddl,ddr,vr,hd,vl,hu: 17% 18% 12%  5%  8%  7% 12%  7% 15%
x264 [info]: i4 v,h,dc,ddl,ddr,vr,hd,vl,hu: 17% 17% 14%  5%  9%  8% 12%  7% 12%
x264 [info]: i8c dc,h,v,p: 21% 28% 13% 38%
x264 [info]: Weighted P-Frames: Y:98.0% UV:12.1%
x264 [info]: ref P L0: 63.1% 11.2% 16.8%  6.4%  1.8%  0.6%
x264 [info]: ref B L0: 93.1%  4.9%  2.0%
x264 [info]: ref B L1: 98.6%  1.4%
x264 [info]: kb/s:351.19
                                                        
encoded 350 frames, 13.08 fps, 351.68 kb/s, 601.02 KB
x264 [info]: ended at Thu Aug 11 21:51:20 2016
x264 [info]: encoding duration 0:00:27
D:\小丸工具箱v194\小丸工具箱rev194>echo ===== one file is completed! ===== 
===== one file is completed! =====


